# JRE version: OpenJDK Runtime Environment Temurin-21.0.4+7 (21.0.4+7) (build 21.0.4+7-LTS)
# Java VM: OpenJDK 64-Bit Server VM Temurin-21.0.4+7 (21.0.4+7-LTS, mixed mode, emulated-client, tiered, compressed oops, compressed class ptrs, g1 gc, windows-amd64)
GC Precious Log:
 CardTable entry size: 512
 Card Set container configuration: InlinePtr #cards 4 size 8 Array Of Cards #cards 16 size 48 Howl #buckets 8 coarsen threshold 3686 Howl Bitmap #cards 512 size 80 coarsen threshold 460 Card regions per heap region 1 cards per card region 4096
 CPUs: 8 total, 8 available
 Memory: 12182M
 Large Page Support: Disabled
 NUMA Support: Disabled
 Compressed Oops: Enabled (Zero based)
 Heap Region Size: 2M
 Heap Min Capacity: 8M
 Heap Initial Capacity: 192M
 Heap Max Capacity: 3046M
 Pre-touch: Disabled
 Parallel Workers: 8
 Concurrent Workers: 2
 Concurrent Refinement Workers: 8
 Periodic GC: Disabled
Heap:
 garbage-first heap   total 81920K, used 42969K [0x0000000741a00000, 0x0000000800000000)
  region size 2048K, 9 young (18432K), 3 survivors (6144K)
 Metaspace       used 82594K, committed 83328K, reserved 1179648K
  class space    used 10862K, committed 11200K, reserved 1048576K
GC Heap History (20 events):
Event: 19.183 GC heap before
{Heap before GC invocations=15 (full 0):
 garbage-first heap   total 67584K, used 52870K [0x0000000741a00000, 0x0000000800000000)
  region size 2048K, 19 young (38912K), 2 survivors (4096K)
 Metaspace       used 56564K, committed 57216K, reserved 1114112K
  class space    used 7058K, committed 7360K, reserved 1048576K
}
Event: 19.199 GC heap after
{Heap after GC invocations=16 (full 0):
 garbage-first heap   total 67584K, used 22014K [0x0000000741a00000, 0x0000000800000000)
  region size 2048K, 3 young (6144K), 3 survivors (6144K)
 Metaspace       used 56564K, committed 57216K, reserved 1114112K
  class space    used 7058K, committed 7360K, reserved 1048576K
}
Event: 20.087 GC heap before
{Heap before GC invocations=16 (full 0):
 garbage-first heap   total 67584K, used 52734K [0x0000000741a00000, 0x0000000800000000)
  region size 2048K, 18 young (36864K), 3 survivors (6144K)
 Metaspace       used 59314K, committed 59904K, reserved 1114112K
  class space    used 7433K, committed 7680K, reserved 1048576K
}
Event: 20.103 GC heap after
{Heap after GC invocations=17 (full 0):
 garbage-first heap   total 67584K, used 23541K [0x0000000741a00000, 0x0000000800000000)
  region size 2048K, 3 young (6144K), 3 survivors (6144K)
 Metaspace       used 59314K, committed 59904K, reserved 1114112K
  class space    used 7433K, committed 7680K, reserved 1048576K
}
Event: 20.243 GC heap before
{Heap before GC invocations=17 (full 0):
 garbage-first heap   total 67584K, used 25589K [0x0000000741a00000, 0x0000000800000000)
  region size 2048K, 5 young (10240K), 3 survivors (6144K)
 Metaspace       used 59741K, committed 60288K, reserved 1114112K
  class space    used 7488K, committed 7744K, reserved 1048576K
}
Event: 20.256 GC heap after
{Heap after GC invocations=18 (full 0):
 garbage-first heap   total 67584K, used 23068K [0x0000000741a00000, 0x0000000800000000)
  region size 2048K, 1 young (2048K), 1 survivors (2048K)
 Metaspace       used 59741K, committed 60288K, reserved 1114112K
  class space    used 7488K, committed 7744K, reserved 1048576K
}
Event: 21.548 GC heap before
{Heap before GC invocations=19 (full 0):
 garbage-first heap   total 67584K, used 57884K [0x0000000741a00000, 0x0000000800000000)
  region size 2048K, 18 young (36864K), 1 survivors (2048K)
 Metaspace       used 62992K, committed 63616K, reserved 1114112K
  class space    used 7907K, committed 8192K, reserved 1048576K
}
Event: 21.555 GC heap after
{Heap after GC invocations=20 (full 0):
 garbage-first heap   total 67584K, used 23705K [0x0000000741a00000, 0x0000000800000000)
  region size 2048K, 1 young (2048K), 1 survivors (2048K)
 Metaspace       used 62992K, committed 63616K, reserved 1114112K
  class space    used 7907K, committed 8192K, reserved 1048576K
}
Event: 22.841 GC heap before
{Heap before GC invocations=20 (full 0):
 garbage-first heap   total 67584K, used 56473K [0x0000000741a00000, 0x0000000800000000)
  region size 2048K, 18 young (36864K), 1 survivors (2048K)
 Metaspace       used 67363K, committed 67968K, reserved 1114112K
  class space    used 8642K, committed 8896K, reserved 1048576K
}
Event: 22.854 GC heap after
{Heap after GC invocations=21 (full 0):
 garbage-first heap   total 67584K, used 23976K [0x0000000741a00000, 0x0000000800000000)
  region size 2048K, 2 young (4096K), 2 survivors (4096K)
 Metaspace       used 67363K, committed 67968K, reserved 1114112K
  class space    used 8642K, committed 8896K, reserved 1048576K
}
Event: 24.174 GC heap before
{Heap before GC invocations=21 (full 0):
 garbage-first heap   total 67584K, used 52648K [0x0000000741a00000, 0x0000000800000000)
  region size 2048K, 17 young (34816K), 2 survivors (4096K)
 Metaspace       used 69749K, committed 70336K, reserved 1114112K
  class space    used 9017K, committed 9280K, reserved 1048576K
}
Event: 24.184 GC heap after
{Heap after GC invocations=22 (full 0):
 garbage-first heap   total 67584K, used 24352K [0x0000000741a00000, 0x0000000800000000)
  region size 2048K, 2 young (4096K), 2 survivors (4096K)
 Metaspace       used 69749K, committed 70336K, reserved 1114112K
  class space    used 9017K, committed 9280K, reserved 1048576K
}
Event: 25.612 GC heap before
{Heap before GC invocations=22 (full 0):
 garbage-first heap   total 67584K, used 55072K [0x0000000741a00000, 0x0000000800000000)
  region size 2048K, 17 young (34816K), 2 survivors (4096K)
 Metaspace       used 72643K, committed 73280K, reserved 1114112K
  class space    used 9409K, committed 9664K, reserved 1048576K
}
Event: 25.629 GC heap after
{Heap after GC invocations=23 (full 0):
 garbage-first heap   total 67584K, used 25705K [0x0000000741a00000, 0x0000000800000000)
  region size 2048K, 3 young (6144K), 3 survivors (6144K)
 Metaspace       used 72643K, committed 73280K, reserved 1114112K
  class space    used 9409K, committed 9664K, reserved 1048576K
}
Event: 26.685 GC heap before
{Heap before GC invocations=24 (full 0):
 garbage-first heap   total 67584K, used 52329K [0x0000000741a00000, 0x0000000800000000)
  region size 2048K, 16 young (32768K), 3 survivors (6144K)
 Metaspace       used 74874K, committed 75520K, reserved 1179648K
  class space    used 9762K, committed 10048K, reserved 1048576K
}
Event: 26.700 GC heap after
{Heap after GC invocations=25 (full 0):
 garbage-first heap   total 81920K, used 26926K [0x0000000741a00000, 0x0000000800000000)
  region size 2048K, 2 young (4096K), 2 survivors (4096K)
 Metaspace       used 74874K, committed 75520K, reserved 1179648K
  class space    used 9762K, committed 10048K, reserved 1048576K
}
Event: 28.810 GC heap before
{Heap before GC invocations=25 (full 0):
 garbage-first heap   total 81920K, used 71982K [0x0000000741a00000, 0x0000000800000000)
  region size 2048K, 24 young (49152K), 2 survivors (4096K)
 Metaspace       used 78079K, committed 78784K, reserved 1179648K
  class space    used 10211K, committed 10496K, reserved 1048576K
}
Event: 28.831 GC heap after
{Heap after GC invocations=26 (full 0):
 garbage-first heap   total 81920K, used 29441K [0x0000000741a00000, 0x0000000800000000)
  region size 2048K, 3 young (6144K), 3 survivors (6144K)
 Metaspace       used 78079K, committed 78784K, reserved 1179648K
  class space    used 10211K, committed 10496K, reserved 1048576K
}
Event: 51.970 GC heap before
{Heap before GC invocations=26 (full 0):
 garbage-first heap   total 81920K, used 68353K [0x0000000741a00000, 0x0000000800000000)
  region size 2048K, 23 young (47104K), 3 survivors (6144K)
 Metaspace       used 81543K, committed 82240K, reserved 1179648K
  class space    used 10715K, committed 11008K, reserved 1048576K
}
Event: 52.000 GC heap after
{Heap after GC invocations=27 (full 0):
 garbage-first heap   total 81920K, used 32729K [0x0000000741a00000, 0x0000000800000000)
  region size 2048K, 3 young (6144K), 3 survivors (6144K)
 Metaspace       used 81543K, committed 82240K, reserved 1179648K
  class space    used 10715K, committed 11008K, reserved 1048576K
}

